
**** Build of configuration Default for project lab5-5-t ****

make all 
/opt/CodeSourcery/bin//arm-none-eabi-gcc -c -g -nostdinc -I. -MD -MP -mcpu=cortex-m4 -mthumb -o Wifly.o Wifly.c
Wifly.c: In function 'Wifly_Send_Update':
Wifly.c:81:2: warning: passing argument 1 of 'USART2_putstr' makes pointer from integer without a cast [enabled by default]
In file included from Wifly.c:4:0:
./USART2.h:15:6: note: expected 'uint8_t *' but argument is of type 'int'
Wifly.c: In function 'Wifly_Receive_Update':
Wifly.c:134:12: warning: assignment from incompatible pointer type [enabled by default]
Wifly.c: In function 'Wifly_Set_Servo_Location':
Wifly.c:165:2: warning: passing argument 1 of 'USART2_putstr' makes pointer from integer without a cast [enabled by default]
In file included from Wifly.c:4:0:
./USART2.h:15:6: note: expected 'uint8_t *' but argument is of type 'int'
Wifly.c: In function 'Wifly_Print_Last_Received_Message':
Wifly.c:175:3: warning: passing argument 1 of 'USART2_putstr' makes pointer from integer without a cast [enabled by default]
/opt/CodeSourcery/bin//arm-none-eabi-ld -TSTM32F407VG.ld -nostdlib -nostartfiles -g  -o lab3.elf init.o mutex.o LED.o PWM.o Potentiometer.o USART2.o USART3.o Wifly.o fsm.o main.o string.o systick.o userbutton.o 
In file included from Wifly.c:4:0:
./USART2.h:15:6: note: expected 'uint8_t *' but argument is of type 'int'
Wifly.c:178:17: warning: unknown escape sequence: '\I' [enabled by default]
Wifly.c:179:3: warning: passing argument 1 of 'USART2_putstr' makes pointer from integer without a cast [enabled by default]
In file included from Wifly.c:4:0:
./USART2.h:15:6: note: expected 'uint8_t *' but argument is of type 'int'
Wifly.c:182:3: warning: passing argument 1 of 'USART2_putstr' makes pointer from integer without a cast [enabled by default]
In file included from Wifly.c:4:0:
./USART2.h:15:6: note: expected 'uint8_t *' but argument is of type 'int'
Wifly.c:184:17: warning: unknown escape sequence: '\V' [enabled by default]

**** Build Finished ****
